2016-06-06 22:50:12 INFO  Agent:10 - Executing premain.........
2016-06-06 22:50:12 INFO  Transformer:21 - Instrumenting Utility class......
2016-06-06 22:50:13 INFO  Transformer:35 - Instrumentation complete.
2016-06-06 22:50:13 INFO  Utility:8 - going to sleep........
2016-06-06 22:50:15 INFO  Utility:10 - Execution Duration : 2000010265
2016-06-21 22:15:11 INFO  Agent:10 - Executing premain.........
2016-06-21 22:15:11 INFO  Transformer:22 - Instrumenting Utility class......
2016-06-21 22:15:12 INFO  Transformer:42 - Exception: javassist.CannotCompileException: [source error] no such class: Data
2016-06-21 22:15:12 INFO  Utility:8 - going to sleep........
2016-06-21 22:17:47 INFO  Agent:10 - Executing premain.........
2016-06-21 22:17:48 INFO  Transformer:22 - Instrumenting Utility class......
2016-06-21 22:17:48 INFO  Transformer:43 - Exception: javassist.CannotCompileException: [source error] no such field: com/tes/tickles/utils/Utility
2016-06-21 22:17:48 INFO  Utility:8 - going to sleep........
2016-06-21 22:19:03 INFO  Agent:10 - Executing premain.........
2016-06-21 22:19:03 INFO  Transformer:22 - Instrumenting Utility class......
2016-06-21 22:19:03 INFO  Transformer:43 - Exception: javassist.CannotCompileException: [source error] no such field: sleeping
2016-06-21 22:19:03 INFO  Utility:8 - going to sleep........
2016-06-21 22:19:53 INFO  Agent:10 - Executing premain.........
2016-06-21 22:19:53 INFO  Transformer:22 - Instrumenting Utility class......
2016-06-21 22:19:53 INFO  Transformer:43 - Exception: javassist.CannotCompileException: [source error] addPart(java.lang.String) not found in com.tes.tickles.client.data.Data
2016-06-21 22:19:53 INFO  Utility:8 - going to sleep........
2016-06-21 22:20:38 INFO  Agent:10 - Executing premain.........
2016-06-21 22:20:38 INFO  Transformer:22 - Instrumenting Utility class......
2016-06-21 22:20:38 INFO  Transformer:43 - Exception: javassist.CannotCompileException: [source error] no such class: data
2016-06-21 22:20:38 INFO  Utility:8 - going to sleep........
2016-06-21 22:27:16 INFO  Agent:10 - Executing premain.........
2016-06-21 22:27:16 INFO  Transformer:22 - Instrumenting Utility class......
2016-06-21 22:27:16 INFO  Transformer:43 - Exception: javassist.CannotCompileException: [source error] setValue(long) not found in com.tes.tickles.client.data.Data
2016-06-21 22:27:16 INFO  Utility:8 - going to sleep........
2016-06-21 22:28:22 INFO  Agent:10 - Executing premain.........
2016-06-21 22:28:22 INFO  Transformer:22 - Instrumenting Utility class......
2016-06-21 22:28:22 INFO  Transformer:41 - Instrumentation complete.
2016-06-21 22:28:22 INFO  Utility:8 - going to sleep........
2016-06-21 22:47:49 INFO  Agent:10 - Executing premain.........
2016-06-21 22:47:49 INFO  Transformer:22 - Instrumenting Utility class......
2016-06-21 22:47:50 INFO  Transformer:41 - Instrumentation complete.
2016-06-21 22:47:50 INFO  Utility:8 - going to sleep........
2016-06-21 22:48:45 INFO  Agent:10 - Executing premain.........
2016-06-21 22:48:45 INFO  Transformer:22 - Instrumenting Utility class......
2016-06-21 22:48:45 INFO  Transformer:41 - Instrumentation complete.
2016-06-21 22:48:45 INFO  Utility:8 - going to sleep........
2016-06-21 22:51:10 INFO  Agent:10 - Executing premain.........
2016-06-21 22:51:10 INFO  Transformer:22 - Instrumenting Utility class......
2016-06-21 22:51:11 INFO  Transformer:41 - Instrumentation complete.
2016-06-21 22:51:11 INFO  Utility:8 - going to sleep........
2016-06-21 23:07:07 INFO  Agent:10 - Executing premain.........
2016-06-21 23:07:07 INFO  Transformer:22 - Instrumenting Utility class......
2016-06-21 23:07:07 INFO  Transformer:41 - Instrumentation complete.
2016-06-21 23:07:07 INFO  Utility:8 - going to sleep........
2016-06-21 23:07:38 INFO  Agent:10 - Executing premain.........
2016-06-21 23:07:38 INFO  Transformer:22 - Instrumenting Utility class......
2016-06-21 23:07:38 INFO  Transformer:41 - Instrumentation complete.
2016-06-21 23:07:38 INFO  Utility:8 - going to sleep........
2016-06-21 23:09:57 INFO  Agent:10 - Executing premain.........
2016-06-21 23:09:57 INFO  Transformer:22 - Instrumenting Utility class......
2016-06-21 23:09:58 INFO  Transformer:41 - Instrumentation complete.
2016-06-21 23:09:58 INFO  Utility:8 - going to sleep........
2016-06-21 23:10:33 INFO  Agent:10 - Executing premain.........
2016-06-21 23:10:33 INFO  Transformer:22 - Instrumenting Utility class......
2016-06-21 23:10:33 INFO  Transformer:41 - Instrumentation complete.
2016-06-21 23:10:33 INFO  Utility:8 - going to sleep........
2016-06-21 23:11:36 INFO  Agent:10 - Executing premain.........
2016-06-21 23:11:36 INFO  Transformer:22 - Instrumenting Utility class......
2016-06-21 23:11:37 INFO  Transformer:41 - Instrumentation complete.
2016-06-21 23:11:37 INFO  Utility:8 - going to sleep........
2016-06-21 23:12:35 INFO  Agent:10 - Executing premain.........
2016-06-21 23:12:36 INFO  Transformer:22 - Instrumenting Utility class......
2016-06-21 23:12:36 INFO  Transformer:40 - Instrumentation complete.
2016-06-21 23:12:36 INFO  Utility:8 - going to sleep........
2016-06-21 23:19:18 INFO  Agent:10 - Executing premain.........
2016-06-21 23:19:18 INFO  Transformer:22 - Instrumenting Utility class......
2016-06-21 23:19:18 INFO  Transformer:42 - Exception: javassist.CannotCompileException: [source error] no such class: com.tes.tickles.client.feeder.TicklesFeeder.getInstance
2016-06-21 23:19:18 INFO  Utility:8 - going to sleep........
2016-06-21 23:19:40 INFO  Agent:10 - Executing premain.........
2016-06-21 23:19:40 INFO  Transformer:22 - Instrumenting Utility class......
2016-06-21 23:19:41 INFO  Transformer:40 - Instrumentation complete.
2016-06-21 23:19:41 INFO  Utility:8 - going to sleep........
2016-06-21 23:21:01 INFO  Agent:10 - Executing premain.........
2016-06-21 23:21:01 INFO  Transformer:22 - Instrumenting Utility class......
2016-06-21 23:21:02 INFO  Transformer:40 - Instrumentation complete.
2016-06-21 23:21:02 INFO  Transformer:22 - Instrumenting Utility class......
2016-06-21 23:21:02 INFO  Transformer:40 - Instrumentation complete.
2016-06-21 23:22:54 INFO  Agent:10 - Executing premain.........
2016-06-21 23:22:54 INFO  Transformer:22 - Instrumenting Utility class......
2016-06-21 23:22:54 INFO  Transformer:39 - Instrumentation complete.
2016-06-21 23:22:54 INFO  Utility:8 - going to sleep........
2016-06-21 23:27:30 INFO  Agent:10 - Executing premain.........
2016-06-21 23:27:30 INFO  Transformer:22 - Instrumenting Utility class......
2016-06-21 23:27:30 INFO  Transformer:39 - Instrumentation complete.
2016-06-21 23:27:30 INFO  Utility:8 - going to sleep........
2016-06-21 23:34:55 INFO  Agent:10 - Executing premain.........
2016-06-21 23:34:55 INFO  Transformer:22 - Instrumenting Utility class......
2016-06-21 23:34:55 INFO  Transformer:39 - Instrumentation complete.
2016-06-21 23:34:55 INFO  Utility:8 - going to sleep........
2016-06-21 23:35:36 INFO  Agent:10 - Executing premain.........
2016-06-21 23:35:36 INFO  Transformer:22 - Instrumenting Utility class......
2016-06-21 23:35:36 INFO  Transformer:39 - Instrumentation complete.
2016-06-21 23:35:36 INFO  Utility:8 - going to sleep........
2016-06-21 23:47:05 INFO  Utility:8 - going to sleep........
2016-06-21 23:49:11 INFO  Utility:8 - going to sleep........
2016-06-21 23:49:13 INFO  RestFeeder:9 - com.tes.tickles.utils.Utility.sleeping:2006512950
2016-06-30 01:54:51 INFO  Utility:8 - going to sleep........
2016-06-30 01:54:53 INFO  RestFeeder:13 - com.tes.tickles.utils.Utility.sleeping:2041410284
2016-06-30 01:54:54 ERROR RestClient:30 - Response code: 404
2016-06-30 01:54:54 ERROR RestClient:31 - Error :sun.net.www.protocol.http.HttpURLConnection$HttpInputStream@93d195
2016-06-30 01:56:14 INFO  Utility:8 - going to sleep........
2016-06-30 01:56:16 INFO  RestFeeder:13 - Posting data :com.tes.tickles.utils.Utility.sleeping:2007955709 to http://localhost:8080/tickles/rest
2016-06-30 01:56:17 ERROR RestClient:30 - Response code: 404
2016-06-30 01:56:17 ERROR RestClient:31 - Error :sun.net.www.protocol.http.HttpURLConnection$HttpInputStream@93d195
2016-06-30 01:56:55 INFO  Utility:8 - going to sleep........
2016-06-30 01:56:57 INFO  RestFeeder:13 - Posting data :com.tes.tickles.utils.Utility.sleeping:2014303945 to http://localhost:8080/tickles/rest/stat
2016-06-30 01:56:57 ERROR RestClient:30 - Response code: 404
2016-06-30 01:56:57 ERROR RestClient:31 - Error :sun.net.www.protocol.http.HttpURLConnection$HttpInputStream@93d195
